[2018-03-02T10:11:28.868] [INFO] instabot - Doing likes for: xenia_sobchak
[2018-03-02T10:14:50.359] [INFO] instabot - Doing likes for: xenia_sobchak
[2018-03-02T10:18:20.108] [INFO] instabot - Doing likes for: xenia_sobchak
[2018-03-02T10:23:59.350] [INFO] instabot - Doing likes for: xenia_sobchak
[2018-03-02T10:26:39.039] [INFO] instabot - Doing likes for: xenia_sobchak
[2018-03-02T10:30:23.837] [INFO] instabot - Doing likes for: xenia_sobchak
[2018-03-02T10:38:14.574] [INFO] instabot - Doing likes for: xenia_sobchak
[2018-03-02T10:42:13.690] [INFO] instabot - Doing likes for: xenia_sobchak
[2018-03-02T10:44:01.368] [INFO] instabot - Doing likes for: xenia_sobchak
[2018-03-02T12:27:37.921] [INFO] instabot - Doing likes for: xenia_sobchak
[2018-03-02T12:27:44.811] [DEBUG] instabot - Current url:   https://www.instagram.com/p/Bf0ODvthddh/?taken-by=xenia_sobchak
[2018-03-02T12:32:43.996] [INFO] instabot - Doing likes for: xenia_sobchak
[2018-03-02T12:32:51.707] [DEBUG] instabot - Current url:   https://www.instagram.com/p/Bf0ODvthddh/?taken-by=xenia_sobchak
[2018-03-02T12:32:53.975] [DEBUG] instabot - CSS Classname: _8scx2 coreSpriteHeartOpen
[2018-03-02T12:32:54.075] [DEBUG] instabot - Buttons: 1, Photo Index: 0
[2018-03-02T12:32:54.206] [DEBUG] instabot - Current url:   https://www.instagram.com/p/Bfz67xBhJcT/?taken-by=xenia_sobchak
[2018-03-02T12:32:56.467] [DEBUG] instabot - CSS Classname: _8scx2 coreSpriteHeartFull
[2018-03-02T12:32:56.480] [DEBUG] instabot - Buttons: 2, Photo Index: 1
[2018-03-02T12:32:56.572] [DEBUG] instabot - Current url:   https://www.instagram.com/p/Bfy6CBqBhnl/?taken-by=xenia_sobchak
[2018-03-02T12:32:58.815] [DEBUG] instabot - CSS Classname: _8scx2 coreSpriteHeartOpen
[2018-03-02T12:32:58.833] [DEBUG] instabot - Buttons: 2, Photo Index: 2
[2018-03-02T12:32:58.918] [DEBUG] instabot - Current url:   https://www.instagram.com/p/BfywxJxBpMZ/?taken-by=xenia_sobchak
[2018-03-02T12:33:01.159] [DEBUG] instabot - CSS Classname: _8scx2 coreSpriteHeartOpen
[2018-03-02T12:33:01.179] [DEBUG] instabot - Buttons: 2, Photo Index: 3
[2018-03-02T12:33:01.248] [DEBUG] instabot - Current url:   https://www.instagram.com/p/BfxWSQrhtm7/?taken-by=xenia_sobchak
[2018-03-02T12:33:03.486] [DEBUG] instabot - CSS Classname: _8scx2 coreSpriteHeartOpen
[2018-03-02T12:33:03.499] [DEBUG] instabot - Buttons: 2, Photo Index: 4
[2018-03-02T12:33:03.590] [INFO] instabot - Doing likes for: volochkova_art
[2018-03-02T12:33:13.158] [DEBUG] instabot - Current url:   https://www.instagram.com/p/Bfywy9jgdBc/?taken-by=volochkova_art
[2018-03-02T12:33:15.406] [DEBUG] instabot - CSS Classname: _8scx2 coreSpriteHeartOpen
[2018-03-02T12:33:15.425] [DEBUG] instabot - Buttons: 1, Photo Index: 0
[2018-03-02T12:33:15.557] [DEBUG] instabot - Current url:   https://www.instagram.com/p/Bfyl2LGgXWk/?taken-by=volochkova_art
[2018-03-02T12:33:17.841] [DEBUG] instabot - CSS Classname: _8scx2 coreSpriteHeartOpen
[2018-03-02T12:33:17.857] [DEBUG] instabot - Buttons: 2, Photo Index: 1
[2018-03-02T12:33:17.939] [DEBUG] instabot - Current url:   https://www.instagram.com/p/Bfyb4X-AF2M/?taken-by=volochkova_art
[2018-03-02T12:33:20.179] [DEBUG] instabot - CSS Classname: _8scx2 coreSpriteHeartOpen
[2018-03-02T12:33:20.196] [DEBUG] instabot - Buttons: 2, Photo Index: 2
[2018-03-02T12:33:20.282] [DEBUG] instabot - Current url:   https://www.instagram.com/p/BfyL_acAZA4/?taken-by=volochkova_art
[2018-03-02T12:33:22.522] [DEBUG] instabot - CSS Classname: _8scx2 coreSpriteHeartOpen
[2018-03-02T12:33:22.538] [DEBUG] instabot - Buttons: 2, Photo Index: 3
[2018-03-02T12:33:22.621] [DEBUG] instabot - Current url:   https://www.instagram.com/p/Bfx5afbALyU/?taken-by=volochkova_art
[2018-03-02T12:33:24.839] [DEBUG] instabot - CSS Classname: _8scx2 coreSpriteHeartOpen
[2018-03-02T12:33:24.850] [DEBUG] instabot - Buttons: 2, Photo Index: 4
[2018-03-02T12:33:24.950] [INFO] instabot - Everything is done. Finishing...
[2018-03-02T12:37:27.312] [INFO] instabot - Doing likes for: xenia_sobchak
[2018-03-02T12:37:34.532] [DEBUG] instabot - Current url:   https://www.instagram.com/p/Bf0ODvthddh/?taken-by=xenia_sobchak
[2018-03-02T12:37:36.788] [DEBUG] instabot - CSS Classname: _8scx2 coreSpriteHeartOpen
[2018-03-02T12:37:36.788] [INFO] instabot - Already liked. Stopping...
[2018-03-02T12:37:36.790] [INFO] instabot - Everything is done. Finishing...
[2018-03-02T12:39:55.523] [INFO] instabot - Doing likes for: xenia_sobchak
[2018-03-02T12:40:02.723] [DEBUG] instabot - Current url:   https://www.instagram.com/p/Bf0ODvthddh/?taken-by=xenia_sobchak
[2018-03-02T12:40:04.982] [DEBUG] instabot - CSS Classname: _8scx2 coreSpriteHeartOpen
[2018-03-02T12:40:05.003] [DEBUG] instabot - Buttons: 1, Photo Index: 0
[2018-03-02T12:40:05.114] [DEBUG] instabot - Current url:   https://www.instagram.com/p/Bfz67xBhJcT/?taken-by=xenia_sobchak
[2018-03-02T12:40:07.369] [DEBUG] instabot - CSS Classname: _8scx2 coreSpriteHeartOpen
[2018-03-02T12:40:07.380] [DEBUG] instabot - Buttons: 2, Photo Index: 1
[2018-03-02T12:40:07.468] [DEBUG] instabot - Current url:   https://www.instagram.com/p/Bfy6CBqBhnl/?taken-by=xenia_sobchak
[2018-03-02T12:40:09.726] [DEBUG] instabot - CSS Classname: _8scx2 coreSpriteHeartOpen
[2018-03-02T12:40:09.744] [DEBUG] instabot - Buttons: 2, Photo Index: 2
[2018-03-02T12:40:09.818] [DEBUG] instabot - Current url:   https://www.instagram.com/p/BfywxJxBpMZ/?taken-by=xenia_sobchak
[2018-03-02T12:40:12.066] [DEBUG] instabot - CSS Classname: _8scx2 coreSpriteHeartOpen
[2018-03-02T12:40:12.084] [DEBUG] instabot - Buttons: 2, Photo Index: 3
[2018-03-02T12:40:12.176] [DEBUG] instabot - Current url:   https://www.instagram.com/p/BfxWSQrhtm7/?taken-by=xenia_sobchak
[2018-03-02T12:40:14.417] [DEBUG] instabot - CSS Classname: _8scx2 coreSpriteHeartOpen
[2018-03-02T12:40:14.436] [DEBUG] instabot - Buttons: 2, Photo Index: 4
[2018-03-02T12:40:14.514] [INFO] instabot - Everything is done. Finishing...
[2018-03-02T12:41:45.544] [INFO] instabot - Doing likes for: xenia_sobchak
[2018-03-02T12:41:53.066] [DEBUG] instabot - Current url:   https://www.instagram.com/p/Bf0ODvthddh/?taken-by=xenia_sobchak
[2018-03-02T12:41:55.329] [DEBUG] instabot - CSS Classname: _8scx2 coreSpriteHeartOpen
[2018-03-02T12:41:55.351] [DEBUG] instabot - Buttons: 1, Photo Index: 0
[2018-03-02T12:41:55.459] [DEBUG] instabot - Current url:   https://www.instagram.com/p/Bfz67xBhJcT/?taken-by=xenia_sobchak
[2018-03-02T12:41:57.721] [DEBUG] instabot - CSS Classname: _8scx2 coreSpriteHeartOpen
[2018-03-02T12:41:57.733] [DEBUG] instabot - Buttons: 2, Photo Index: 1
[2018-03-02T12:41:57.820] [DEBUG] instabot - Current url:   https://www.instagram.com/p/Bfy6CBqBhnl/?taken-by=xenia_sobchak
[2018-03-02T12:42:00.070] [DEBUG] instabot - CSS Classname: _8scx2 coreSpriteHeartOpen
[2018-03-02T12:42:00.090] [DEBUG] instabot - Buttons: 2, Photo Index: 2
[2018-03-02T12:42:00.167] [DEBUG] instabot - Current url:   https://www.instagram.com/p/BfywxJxBpMZ/?taken-by=xenia_sobchak
[2018-03-02T12:42:02.411] [DEBUG] instabot - CSS Classname: _8scx2 coreSpriteHeartOpen
[2018-03-02T12:42:02.432] [DEBUG] instabot - Buttons: 2, Photo Index: 3
[2018-03-02T12:42:02.511] [DEBUG] instabot - Current url:   https://www.instagram.com/p/BfxWSQrhtm7/?taken-by=xenia_sobchak
[2018-03-02T12:42:04.752] [DEBUG] instabot - CSS Classname: _8scx2 coreSpriteHeartOpen
[2018-03-02T12:42:04.768] [DEBUG] instabot - Buttons: 2, Photo Index: 4
[2018-03-02T12:42:04.842] [INFO] instabot - Everything is done. Finishing...
[2018-03-02T12:43:27.363] [INFO] instabot - Doing likes for: xenia_sobchak
[2018-03-02T12:43:34.474] [DEBUG] instabot - Current url:   https://www.instagram.com/p/Bf0ODvthddh/?taken-by=xenia_sobchak
[2018-03-02T12:43:36.745] [DEBUG] instabot - CSS Classname: _8scx2 coreSpriteHeartOpen
[2018-03-02T12:43:39.100] [DEBUG] instabot - Buttons: 1, Photo Index: 0
[2018-03-02T12:43:39.229] [DEBUG] instabot - Current url:   https://www.instagram.com/p/Bfz67xBhJcT/?taken-by=xenia_sobchak
[2018-03-02T12:43:41.474] [DEBUG] instabot - CSS Classname: _8scx2 coreSpriteHeartOpen
[2018-03-02T12:43:43.780] [DEBUG] instabot - Buttons: 2, Photo Index: 1
[2018-03-02T12:43:43.876] [DEBUG] instabot - Current url:   https://www.instagram.com/p/Bfy6CBqBhnl/?taken-by=xenia_sobchak
[2018-03-02T12:43:46.120] [DEBUG] instabot - CSS Classname: _8scx2 coreSpriteHeartOpen
[2018-03-02T12:43:48.442] [DEBUG] instabot - Buttons: 2, Photo Index: 2
[2018-03-02T12:43:48.538] [DEBUG] instabot - Current url:   https://www.instagram.com/p/BfywxJxBpMZ/?taken-by=xenia_sobchak
[2018-03-02T12:43:50.788] [DEBUG] instabot - CSS Classname: _8scx2 coreSpriteHeartOpen
[2018-03-02T12:43:53.105] [DEBUG] instabot - Buttons: 2, Photo Index: 3
[2018-03-02T12:43:53.211] [DEBUG] instabot - Current url:   https://www.instagram.com/p/BfxWSQrhtm7/?taken-by=xenia_sobchak
[2018-03-02T12:43:55.454] [DEBUG] instabot - CSS Classname: _8scx2 coreSpriteHeartOpen
[2018-03-02T12:43:57.782] [DEBUG] instabot - Buttons: 2, Photo Index: 4
[2018-03-02T12:43:57.883] [INFO] instabot - Everything is done. Finishing...
[2018-03-02T12:50:26.283] [INFO] instabot - Doing likes for: xenia_sobchak
[2018-03-02T12:50:33.987] [DEBUG] instabot - Current url:   https://www.instagram.com/p/Bf0ODvthddh/?taken-by=xenia_sobchak
[2018-03-02T12:50:36.250] [DEBUG] instabot - CSS Classname: _8scx2 coreSpriteHeartFull
[2018-03-02T12:50:36.269] [DEBUG] instabot - Buttons: 1, Photo Index: 0
[2018-03-02T12:50:36.382] [DEBUG] instabot - Current url:   https://www.instagram.com/p/Bfz67xBhJcT/?taken-by=xenia_sobchak
[2018-03-02T12:50:38.641] [DEBUG] instabot - CSS Classname: _8scx2 coreSpriteHeartFull
[2018-03-02T12:50:38.653] [DEBUG] instabot - Buttons: 2, Photo Index: 1
[2018-03-02T12:50:38.729] [DEBUG] instabot - Current url:   https://www.instagram.com/p/Bfy6CBqBhnl/?taken-by=xenia_sobchak
[2018-03-02T12:50:40.969] [DEBUG] instabot - CSS Classname: _8scx2 coreSpriteHeartFull
[2018-03-02T12:50:40.988] [DEBUG] instabot - Buttons: 2, Photo Index: 2
[2018-03-02T12:50:41.064] [DEBUG] instabot - Current url:   https://www.instagram.com/p/BfywxJxBpMZ/?taken-by=xenia_sobchak
[2018-03-02T12:50:43.303] [DEBUG] instabot - CSS Classname: _8scx2 coreSpriteHeartFull
[2018-03-02T12:50:43.320] [DEBUG] instabot - Buttons: 2, Photo Index: 3
[2018-03-02T12:50:43.406] [DEBUG] instabot - Current url:   https://www.instagram.com/p/BfxWSQrhtm7/?taken-by=xenia_sobchak
[2018-03-02T12:50:45.646] [DEBUG] instabot - CSS Classname: _8scx2 coreSpriteHeartFull
[2018-03-02T12:50:45.665] [DEBUG] instabot - Buttons: 2, Photo Index: 4
[2018-03-02T12:50:45.734] [INFO] instabot - Everything is done. Finishing...
[2018-03-02T12:55:09.231] [INFO] instabot - Doing likes for: xenia_sobchak
[2018-03-02T12:55:35.536] [DEBUG] instabot - Current url:   https://www.instagram.com/p/Bf0ODvthddh/?taken-by=xenia_sobchak
[2018-03-02T12:55:39.868] [DEBUG] instabot - CSS Classname: _8scx2 coreSpriteHeartFull
[2018-03-02T12:55:39.895] [DEBUG] instabot - Buttons: 1, Photo Index: 0
[2018-03-02T12:55:40.007] [DEBUG] instabot - Current url:   https://www.instagram.com/p/Bfz67xBhJcT/?taken-by=xenia_sobchak
[2018-03-02T12:55:48.209] [DEBUG] instabot - CSS Classname: _8scx2 coreSpriteHeartFull
[2018-03-02T12:55:48.221] [DEBUG] instabot - Buttons: 2, Photo Index: 1
[2018-03-02T12:55:48.322] [DEBUG] instabot - Current url:   https://www.instagram.com/p/Bfy6CBqBhnl/?taken-by=xenia_sobchak
[2018-03-02T12:56:13.481] [DEBUG] instabot - CSS Classname: _8scx2 coreSpriteHeartFull
[2018-03-02T12:56:13.497] [DEBUG] instabot - Buttons: 2, Photo Index: 2
[2018-03-02T12:56:13.575] [DEBUG] instabot - Current url:   https://www.instagram.com/p/BfywxJxBpMZ/?taken-by=xenia_sobchak
[2018-03-02T17:37:54.264] [INFO] instabot - Doing likes for: shelmn_
[2018-03-02T17:37:58.990] [DEBUG] instabot - Current url:   https://www.instagram.com/p/BfN4rJ6gh2L/?taken-by=shelmn_
[2018-03-02T17:38:00.261] [DEBUG] instabot - CSS Classname: _8scx2 coreSpriteHeartOpen
[2018-03-02T17:38:01.632] [DEBUG] instabot - Buttons: 1, Photo Index: 0
[2018-03-02T17:38:01.757] [DEBUG] instabot - Current url:   https://www.instagram.com/p/BfJGA09g3YA/?taken-by=shelmn_
[2018-03-02T17:38:03.002] [DEBUG] instabot - CSS Classname: _8scx2 coreSpriteHeartOpen
[2018-03-02T17:38:04.306] [DEBUG] instabot - Buttons: 2, Photo Index: 1
[2018-03-02T17:38:04.396] [DEBUG] instabot - Current url:   https://www.instagram.com/p/Bedgy1AAXe-/?taken-by=shelmn_
[2018-03-02T17:38:05.641] [DEBUG] instabot - CSS Classname: _8scx2 coreSpriteHeartOpen
[2018-03-02T17:38:06.942] [DEBUG] instabot - Buttons: 2, Photo Index: 2
[2018-03-02T17:38:07.043] [DEBUG] instabot - Current url:   https://www.instagram.com/p/BeYHEUbgI2o/?taken-by=shelmn_
[2018-03-02T17:38:08.284] [DEBUG] instabot - CSS Classname: _8scx2 coreSpriteHeartOpen
[2018-03-02T17:38:09.578] [DEBUG] instabot - Buttons: 2, Photo Index: 3
[2018-03-02T17:38:09.718] [DEBUG] instabot - Current url:   https://www.instagram.com/p/BeK0iMkAluR/?taken-by=shelmn_
[2018-03-02T17:38:10.961] [DEBUG] instabot - CSS Classname: _8scx2 coreSpriteHeartOpen
[2018-03-02T17:38:12.274] [DEBUG] instabot - Buttons: 2, Photo Index: 4
[2018-03-02T17:38:12.446] [INFO] instabot - Everything is done. Finishing...
[2018-03-02T17:58:34.642] [INFO] instabot - Doing likes for: shelmn_
[2018-03-02T17:58:41.068] [DEBUG] instabot - Current url:   https://www.instagram.com/p/BfN4rJ6gh2L/?taken-by=shelmn_
[2018-03-02T17:58:43.299] [DEBUG] instabot - CSS Classname: _8scx2 coreSpriteHeartOpen
[2018-03-02T17:58:45.634] [DEBUG] instabot - Buttons: 1, Photo Index: 0
[2018-03-02T17:58:45.764] [DEBUG] instabot - Current url:   https://www.instagram.com/p/BfJGA09g3YA/?taken-by=shelmn_
[2018-03-02T17:58:47.984] [DEBUG] instabot - CSS Classname: _8scx2 coreSpriteHeartOpen
[2018-03-02T17:58:50.287] [DEBUG] instabot - Buttons: 2, Photo Index: 1
[2018-03-02T17:58:50.404] [DEBUG] instabot - Current url:   https://www.instagram.com/p/Bedgy1AAXe-/?taken-by=shelmn_
[2018-03-02T17:58:52.622] [DEBUG] instabot - CSS Classname: _8scx2 coreSpriteHeartOpen
[2018-03-02T17:58:54.901] [DEBUG] instabot - Buttons: 2, Photo Index: 2
[2018-03-02T17:58:55.005] [DEBUG] instabot - Current url:   https://www.instagram.com/p/BeYHEUbgI2o/?taken-by=shelmn_
[2018-03-02T17:58:57.223] [DEBUG] instabot - CSS Classname: _8scx2 coreSpriteHeartOpen
[2018-03-02T17:58:59.508] [DEBUG] instabot - Buttons: 2, Photo Index: 3
[2018-03-02T17:58:59.608] [DEBUG] instabot - Current url:   https://www.instagram.com/p/BeK0iMkAluR/?taken-by=shelmn_
[2018-03-02T17:59:01.841] [DEBUG] instabot - CSS Classname: _8scx2 coreSpriteHeartOpen
[2018-03-02T17:59:04.152] [DEBUG] instabot - Buttons: 2, Photo Index: 4
[2018-03-02T17:59:04.249] [INFO] instabot - Everything is done. Finishing...
[2018-03-03T12:44:13.049] [INFO] instabot - Doing likes for: shelmnbot
[2018-03-03T12:45:44.268] [INFO] instabot - Doing likes for: shelmnbot
[2018-03-03T12:47:46.409] [INFO] instabot - Doing likes for: shelmnbot
[2018-03-03T12:50:57.474] [INFO] instabot - Doing likes for: shelmnbot
[2018-03-03T12:55:08.921] [INFO] instabot - Doing likes for: shelmnbot
[2018-03-03T12:58:52.168] [INFO] instabot - Doing likes for: shelmn_
[2018-03-03T13:00:42.403] [INFO] instabot - Doing likes for: shelmn_
[2018-03-03T13:15:02.885] [INFO] instabot - Doing likes for: ivanko_fbu
[2018-03-03T13:15:14.020] [DEBUG] instabot - Current url:   https://www.instagram.com/p/BfsSrEpHaPc/?taken-by=ivanko_fbu
[2018-03-03T13:15:18.307] [DEBUG] instabot - CSS Classname: _8scx2 coreSpriteHeartOpen
[2018-03-03T13:15:22.777] [DEBUG] instabot - Buttons: 1, Photo Index: 0
[2018-03-03T13:15:23.037] [DEBUG] instabot - Current url:   https://www.instagram.com/p/Bfn7H8NHold/?taken-by=ivanko_fbu
[2018-03-03T13:15:27.293] [DEBUG] instabot - CSS Classname: _8scx2 coreSpriteHeartOpen
[2018-03-03T13:15:31.730] [DEBUG] instabot - Buttons: 2, Photo Index: 1
[2018-03-03T13:15:31.918] [DEBUG] instabot - Current url:   https://www.instagram.com/p/BffbY8OHjuc/?taken-by=ivanko_fbu
[2018-03-03T13:15:36.176] [DEBUG] instabot - CSS Classname: _8scx2 coreSpriteHeartOpen
[2018-03-03T13:15:40.610] [DEBUG] instabot - Buttons: 2, Photo Index: 2
[2018-03-03T13:15:40.790] [DEBUG] instabot - Current url:   https://www.instagram.com/p/BfBb3MnH_BM/?taken-by=ivanko_fbu
[2018-03-03T13:15:45.030] [DEBUG] instabot - CSS Classname: _8scx2 coreSpriteHeartOpen
[2018-03-03T13:15:49.373] [DEBUG] instabot - Buttons: 2, Photo Index: 3
[2018-03-03T13:15:49.541] [DEBUG] instabot - Current url:   https://www.instagram.com/p/Be83bbYnjO2/?taken-by=ivanko_fbu
[2018-03-03T13:15:53.796] [DEBUG] instabot - CSS Classname: _8scx2 coreSpriteHeartOpen
[2018-03-03T13:15:58.205] [DEBUG] instabot - Buttons: 2, Photo Index: 4
[2018-03-03T13:15:58.385] [INFO] instabot - Everything is done. Finishing...
[2018-03-03T19:57:43.055] [INFO] instabot - Doing likes for: shelmn_
[2018-03-03T20:10:33.992] [INFO] instabot - Doing likes for: shelmn_
[2018-03-03T20:34:27.869] [INFO] instabot - Doing likes for: shelmn_
[2018-03-03T20:49:14.080] [INFO] instabot - Doing likes for: shelmn_
[2018-03-03T21:07:08.687] [INFO] instabot - Doing likes for: shelmn_
[2018-03-03T21:26:51.274] [INFO] instabot - Doing likes for: shelmn_
[2018-03-03T21:29:26.880] [INFO] instabot - Doing likes for: shelmn_
[2018-03-03T21:43:45.525] [INFO] instabot - Doing likes for: shelmn_
[2018-03-03T23:21:24.150] [INFO] instabot - Doing likes for: shelmn_
[2018-03-03T23:24:50.756] [INFO] instabot - Doing likes for: shelmnbot
[2018-03-03T23:38:57.556] [INFO] instabot - Doing likes for: shelmnbot
[2018-03-03T23:44:13.843] [INFO] instabot - Doing likes for: shelmnbot
[2018-03-03T23:46:38.818] [INFO] instabot - Doing likes for: shelmnbot
[2018-03-03T23:47:56.636] [INFO] instabot - Doing likes for: shelmnbot
[2018-03-03T23:51:49.091] [INFO] instabot - Doing likes for: shelmn_
[2018-03-03T23:52:29.081] [INFO] instabot - Doing likes for: shelmn_
[2018-03-03T23:52:55.597] [INFO] instabot - Doing likes for: shelmn_
[2018-03-03T23:54:00.449] [INFO] instabot - Doing likes for: shelmn_
[2018-03-04T00:09:07.017] [INFO] instabot - Doing likes for: shelmn_
[2018-03-04T00:13:52.771] [INFO] instabot - Doing likes for: shelmnbot
[2018-03-04T00:18:32.956] [INFO] instabot - Doing likes for: shelmnbot
[2018-03-04T00:22:38.860] [INFO] instabot - Doing likes for: shelmnbot
[2018-03-04T00:27:13.394] [INFO] instabot - Doing likes for: shelmnbot
[2018-03-04T00:27:59.059] [DEBUG] instabot - CSS Classname: _8scx2 coreSpriteHeartOpen
[2018-03-04T00:41:57.932] [INFO] instabot - Doing likes for: shelmnbot
[2018-03-04T00:45:18.416] [INFO] instabot - Doing likes for: shelmnbot
[2018-03-04T00:47:06.171] [INFO] instabot - Doing likes for: shelmnbot
[2018-03-04T00:48:58.871] [INFO] instabot - Doing likes for: shelmnbot
[2018-03-04T00:49:18.116] [DEBUG] instabot - Current url:   https://www.instagram.com/p/Bf2rvMdDS7W/?taken-by=altavina_nn
[2018-03-04T00:51:57.394] [INFO] instabot - Doing likes for: shelmnbot
[2018-03-04T00:52:16.171] [DEBUG] instabot - Current url:   https://www.instagram.com/p/Bf2rvMdDS7W/?taken-by=altavina_nn
[2018-03-04T01:55:38.291] [INFO] instabot - Doing likes for: shelmnbot
[2018-03-04T01:57:07.657] [INFO] instabot - Doing likes for: shelmnbot
[2018-03-04T02:02:08.200] [INFO] instabot - Doing likes for: shelmnbot
[2018-03-04T02:04:18.056] [INFO] instabot - Doing likes for: shelmnbot
[2018-03-04T02:06:14.886] [INFO] instabot - Doing likes for: shelmnbot
[2018-03-04T02:12:06.729] [INFO] instabot - Doing likes for: shelmnbot
[2018-03-04T02:15:18.451] [INFO] instabot - Doing likes for: shelmnbot
[2018-03-04T10:58:01.717] [INFO] instabot - Doing likes for: izk10k
[2018-03-04T10:58:07.294] [DEBUG] instabot - Current url:   https://www.instagram.com/p/BfysqnlnWzO/?taken-by=izk10k
[2018-03-04T10:58:08.554] [DEBUG] instabot - CSS Classname: _8scx2 coreSpriteHeartOpen
[2018-03-04T10:58:09.946] [DEBUG] instabot - Buttons: 1, Photo Index: 0
[2018-03-04T10:58:10.057] [DEBUG] instabot - Current url:   https://www.instagram.com/p/BftUtySH13B/?taken-by=izk10k
[2018-03-04T10:58:11.320] [DEBUG] instabot - CSS Classname: _8scx2 coreSpriteHeartOpen
[2018-03-04T10:58:12.629] [DEBUG] instabot - Buttons: 2, Photo Index: 1
[2018-03-04T10:58:12.756] [INFO] instabot - Everything is done. Finishing...
[2018-03-04T11:15:34.863] [INFO] instabot - Doing likes for: izk10k
[2018-03-04T11:16:40.082] [INFO] instabot - Doing likes for: izk10k
[2018-03-04T11:16:55.313] [DEBUG] instabot - Current url:   https://www.instagram.com/p/BfysqnlnWzO/?taken-by=izk10k
[2018-03-04T11:17:00.953] [DEBUG] instabot - CSS Classname: _8scx2 coreSpriteHeartOpen
[2018-03-04T11:17:04.282] [DEBUG] instabot - Buttons: 1, Photo Index: 0
[2018-03-04T11:17:04.398] [DEBUG] instabot - Current url:   https://www.instagram.com/p/BftUtySH13B/?taken-by=izk10k
[2018-03-04T11:17:08.308] [DEBUG] instabot - CSS Classname: _8scx2 coreSpriteHeartFull
[2018-03-04T11:17:08.319] [DEBUG] instabot - Buttons: 2, Photo Index: 1
[2018-03-04T11:17:08.386] [INFO] instabot - Everything is done. Finishing...
[2018-03-04T11:18:59.019] [INFO] instabot - Doing likes for: izk10k
[2018-03-04T11:21:57.430] [INFO] instabot - Doing likes for: izk10k
[2018-03-04T11:22:10.179] [DEBUG] instabot - Current url:   https://www.instagram.com/p/BfysqnlnWzO/?taken-by=izk10k
[2018-03-04T11:22:12.522] [DEBUG] instabot - CSS Classname: _8scx2 coreSpriteHeartOpen
[2018-03-04T11:22:15.514] [DEBUG] instabot - Buttons: 1, Photo Index: 0
[2018-03-04T11:22:15.630] [INFO] instabot - Doing likes for: pandaryadom
[2018-03-04T11:22:30.571] [DEBUG] instabot - Current url:   https://www.instagram.com/p/Bfvl4PHhlf5/?taken-by=pandaryadom
[2018-03-04T11:22:32.892] [DEBUG] instabot - CSS Classname: _8scx2 coreSpriteHeartOpen
[2018-03-04T11:22:36.086] [DEBUG] instabot - Buttons: 1, Photo Index: 0
[2018-03-04T11:22:36.226] [DEBUG] instabot - Current url:   https://www.instagram.com/p/BfvJhxdBRjt/?taken-by=pandaryadom
[2018-03-04T11:22:40.554] [DEBUG] instabot - CSS Classname: _8scx2 coreSpriteHeartOpen
[2018-03-04T11:22:43.918] [DEBUG] instabot - Buttons: 2, Photo Index: 1
[2018-03-04T11:22:44.035] [DEBUG] instabot - Current url:   https://www.instagram.com/p/Bfsn83RBuGP/?taken-by=pandaryadom
[2018-03-04T11:22:47.271] [DEBUG] instabot - CSS Classname: _8scx2 coreSpriteHeartOpen
[2018-03-04T11:22:50.450] [DEBUG] instabot - Buttons: 2, Photo Index: 2
[2018-03-04T11:22:50.555] [DEBUG] instabot - Current url:   https://www.instagram.com/p/BfqjklBBH3J/?taken-by=pandaryadom
[2018-03-04T11:22:54.218] [DEBUG] instabot - CSS Classname: _8scx2 coreSpriteHeartOpen
[2018-03-04T11:22:56.924] [DEBUG] instabot - Buttons: 2, Photo Index: 3
[2018-03-04T11:22:57.058] [DEBUG] instabot - Current url:   https://www.instagram.com/p/BfqjBmhBfyL/?taken-by=pandaryadom
[2018-03-04T11:23:01.524] [DEBUG] instabot - CSS Classname: _8scx2 coreSpriteHeartOpen
[2018-03-04T11:23:07.136] [DEBUG] instabot - Buttons: 2, Photo Index: 4
[2018-03-04T11:23:07.233] [INFO] instabot - Everything is done. Finishing...
[2018-03-14T18:55:59.795] [DEBUG] instabot - Text: shelmn_
[2018-03-14T18:58:09.185] [DEBUG] instabot - Text: shelmn_
[2018-03-14T18:58:34.273] [DEBUG] instabot - Text: shelmn_
